Arguments: 
  C:\Program Files\nodejs\node.exe C:\Users\umid-\AppData\Roaming\npm\node_modules\yarn\bin\yarn.js

PATH: 
  C:\Users\umid-\bin;C:\Program Files\Git\mingw64\bin;C:\Program Files\Git\usr\local\bin;C:\Program Files\Git\usr\bin;C:\Program Files\Git\usr\bin;C:\Program Files\Git\cmd;C:\windows\system32;C:\windows;C:\windows\System32\Wbem;C:\windows\System32\WindowsPowerShell\v1.0;C:\windows\System32\OpenSSH;C:\Program Files\Git\cmd;C:\Program Files\Microsoft VS Code\bin;C:\Program Files\nodejs;C:\php74;C:\ProgramData\ComposerSetup\bin;C:\Users\umid-\AppData\Local\Programs\Python\Python39\Scripts;C:\Users\umid-\AppData\Local\Programs\Python\Python39;C:\Program Files\MySQL\MySQL Shell 8.0\bin;C:\Users\umid-\AppData\Local\Microsoft\WindowsApps;C:\Users\umid-\AppData\Roaming\npm;C:\Users\umid-\AppData\Roaming\Composer\vendor\bin;C:\Users\umid-\AppData\Local\Programs\Hyper\resources\bin;C:\Users\umid-\AppData\Local\atom\bin;C:\Program Files\Git\usr\bin\vendor_perl;C:\Program Files\Git\usr\bin\core_perl

Yarn version: 
  1.22.17

Node version: 
  14.17.1

Platform: 
  win32 x64

Trace: 
  Error: connect ENETUNREACH 104.16.16.35:443
      at TCPConnectWrap.afterConnect [as oncomplete] (net.js:1148:16)

npm manifest: 
  {
    "name": "vite-tutorial",
    "version": "0.0.0",
    "scripts": {
      "dev": "vite",
      "build": "vite build",
      "preview": "vite preview"
    },
    "dependencies": {
      "vue": "^3.2.25"
    },
    "devDependencies": {
      "@vitejs/plugin-vue": "^2.0.0",
      "vite": "^2.7.2"
    }
  }

yarn manifest: 
  No manifest

Lockfile: 
  No lockfile
